[2018-12-17 15:47:41] INFO [main: CodeCraft-2019.py, 21] car_path is config/car.txt
[2018-12-17 15:47:41] INFO [main: CodeCraft-2019.py, 22] road_path is config/road.txt
[2018-12-17 15:47:41] INFO [main: CodeCraft-2019.py, 23] cross_path is config/cross.txt
[2018-12-17 15:47:41] INFO [main: CodeCraft-2019.py, 24] answer_path is config/answer.txt[2019-03-24 15:22:29] INFO [main: CodeCraft-2019.py, 23] car_path is config/car.txt
[2019-03-24 15:22:29] INFO [main: CodeCraft-2019.py, 24] road_path is config/road.txt
[2019-03-24 15:22:29] INFO [main: CodeCraft-2019.py, 25] cross_path is config/cross.txt
[2019-03-24 15:22:29] INFO [main: CodeCraft-2019.py, 26] answer_path is config/answer.txt
[2019-03-28 14:07:25] INFO [main: CodeCraft-2019.py, 23] car_path is ../config/car.txt
[2019-03-28 14:07:25] INFO [main: CodeCraft-2019.py, 24] road_path is ../config/road.txt
[2019-03-28 14:07:25] INFO [main: CodeCraft-2019.py, 25] cross_path is ../config/cross.txt
[2019-03-28 14:07:25] INFO [main: CodeCraft-2019.py, 26] answer_path is ../config/answer.txt
[2019-03-28 14:14:21] INFO [main: CodeCraft-2019.py, 23] car_path is config/car.txt
[2019-03-28 14:14:21] INFO [main: CodeCraft-2019.py, 24] road_path is config/road.txt
[2019-03-28 14:14:21] INFO [main: CodeCraft-2019.py, 25] cross_path is config/cross.txt
[2019-03-28 14:14:21] INFO [main: CodeCraft-2019.py, 26] answer_path is config/answer.txt
[2019-03-28 14:35:04] INFO [main: CodeCraft-2019.py, 23] car_path is config/car.txt
[2019-03-28 14:35:04] INFO [main: CodeCraft-2019.py, 24] road_path is config/road.txt
[2019-03-28 14:35:04] INFO [main: CodeCraft-2019.py, 25] cross_path is config/cross.txt
[2019-03-28 14:35:04] INFO [main: CodeCraft-2019.py, 26] answer_path is config/answer.txt
[2019-03-28 14:40:26] INFO [main: CodeCraft-2019.py, 15] please input args: car_path, road_path, cross_path, answerPath
[2019-03-28 14:40:51] INFO [main: CodeCraft-2019.py, 15] please input args: car_path, road_path, cross_path, answerPath
[2019-03-28 14:41:06] INFO [main: CodeCraft-2019.py, 15] please input args: car_path, road_path, cross_path, answerPath
[2019-03-28 14:43:25] INFO [main: CodeCraft-2019.py, 15] please input args: car_path, road_path, cross_path, answerPath
[2019-03-28 14:45:52] INFO [main: CodeCraft-2019.py, 15] please input args: car_path, road_path, cross_path, answerPath
[2019-03-28 14:46:03] INFO [main: CodeCraft-2019.py, 27] car_path is ./config/car.txt
[2019-03-28 14:46:03] INFO [main: CodeCraft-2019.py, 28] road_path is ./config/road.txt
[2019-03-28 14:46:03] INFO [main: CodeCraft-2019.py, 29] cross_path is ./config/cross.txt
[2019-03-28 14:46:03] INFO [main: CodeCraft-2019.py, 30] answer_path is ./config/answer.txt
[2019-03-28 14:46:28] INFO [main: CodeCraft-2019.py, 27] car_path is ../config/car.txt
[2019-03-28 14:46:28] INFO [main: CodeCraft-2019.py, 28] road_path is ../config/road.txt
[2019-03-28 14:46:28] INFO [main: CodeCraft-2019.py, 29] cross_path is ../config/cross.txt
[2019-03-28 14:46:28] INFO [main: CodeCraft-2019.py, 30] answer_path is ../config/answer.txt
[2019-03-28 14:46:59] INFO [main: CodeCraft-2019.py, 27] car_path is ../config/car.txt
[2019-03-28 14:46:59] INFO [main: CodeCraft-2019.py, 28] road_path is ../config/road.txt
[2019-03-28 14:46:59] INFO [main: CodeCraft-2019.py, 29] cross_path is ../config/cross.txt
[2019-03-28 14:46:59] INFO [main: CodeCraft-2019.py, 30] answer_path is ../config/answer.txt
[2019-03-28 14:47:39] INFO [main: CodeCraft-2019.py, 28] car_path is ../config/car.txt
[2019-03-28 14:47:39] INFO [main: CodeCraft-2019.py, 29] road_path is ../config/road.txt
[2019-03-28 14:47:39] INFO [main: CodeCraft-2019.py, 30] cross_path is ../config/cross.txt
[2019-03-28 14:47:39] INFO [main: CodeCraft-2019.py, 31] answer_path is ../config/answer.txt
[2019-03-28 14:47:57] DEBUG [wrapper: __init__.py, 410] CACHEDIR=/home/hyo/.cache/matplotlib
[2019-03-28 14:47:57] DEBUG [<module>: font_manager.py, 1465] Using fontManager instance from /home/hyo/.cache/matplotlib/fontList.json
[2019-03-28 14:47:57] DEBUG [pylab_setup: __init__.py, 90] backend TkAgg version unknown
[2019-03-28 14:50:14] INFO [main: CodeCraft-2019.py, 28] car_path is ../config/car.txt
[2019-03-28 14:50:14] INFO [main: CodeCraft-2019.py, 29] road_path is ../config/road.txt
[2019-03-28 14:50:14] INFO [main: CodeCraft-2019.py, 30] cross_path is ../config/cross.txt
[2019-03-28 14:50:14] INFO [main: CodeCraft-2019.py, 31] answer_path is ../config/answer.txt
[2019-03-28 14:52:07] INFO [main: CodeCraft-2019.py, 28] car_path is ../config/car.txt
[2019-03-28 14:52:07] INFO [main: CodeCraft-2019.py, 29] road_path is ../config/road.txt
[2019-03-28 14:52:07] INFO [main: CodeCraft-2019.py, 30] cross_path is ../config/cross.txt
[2019-03-28 14:52:07] INFO [main: CodeCraft-2019.py, 31] answer_path is ../config/answer.txt
[2019-03-28 14:54:36] INFO [main: CodeCraft-2019.py, 28] car_path is ../config/car.txt
[2019-03-28 14:54:36] INFO [main: CodeCraft-2019.py, 29] road_path is ../config/road.txt
[2019-03-28 14:54:36] INFO [main: CodeCraft-2019.py, 30] cross_path is ../config/cross.txt
[2019-03-28 14:54:36] INFO [main: CodeCraft-2019.py, 31] answer_path is ../config/answer.txt
[2019-03-28 14:55:01] INFO [main: CodeCraft-2019.py, 28] car_path is ../config/car.txt
[2019-03-28 14:55:01] INFO [main: CodeCraft-2019.py, 29] road_path is ../config/road.txt
[2019-03-28 14:55:01] INFO [main: CodeCraft-2019.py, 30] cross_path is ../config/cross.txt
[2019-03-28 14:55:01] INFO [main: CodeCraft-2019.py, 31] answer_path is ../config/answer.txt
[2019-03-28 15:03:45] INFO [main: CodeCraft-2019.py, 28] car_path is config/car.txt
[2019-03-28 15:03:45] INFO [main: CodeCraft-2019.py, 29] road_path is config/road.txt
[2019-03-28 15:03:45] INFO [main: CodeCraft-2019.py, 30] cross_path is config/cross.txt
[2019-03-28 15:03:45] INFO [main: CodeCraft-2019.py, 31] answer_path is config/answer.txt
[2019-03-28 15:09:50] INFO [main: CodeCraft-2019.py, 16] please input args: car_path, road_path, cross_path, answerPath
[2019-03-28 15:10:17] INFO [main: CodeCraft-2019.py, 28] car_path is ../config/car.txt
[2019-03-28 15:10:17] INFO [main: CodeCraft-2019.py, 29] road_path is ../config/road.txt
[2019-03-28 15:10:17] INFO [main: CodeCraft-2019.py, 30] cross_path is ../config/cross.txt
[2019-03-28 15:10:17] INFO [main: CodeCraft-2019.py, 31] answer_path is ../config/answer.txt
[2019-03-28 15:10:30] INFO [main: CodeCraft-2019.py, 28] car_path is ../config/car.txt
[2019-03-28 15:10:30] INFO [main: CodeCraft-2019.py, 29] road_path is ../config/road.txt
[2019-03-28 15:10:30] INFO [main: CodeCraft-2019.py, 30] cross_path is ../config/cross.txt
[2019-03-28 15:10:30] INFO [main: CodeCraft-2019.py, 31] answer_path is ../config/answer.txt
[2019-03-28 15:14:21] INFO [main: CodeCraft-2019.py, 28] car_path is ../config/car.txt
[2019-03-28 15:14:21] INFO [main: CodeCraft-2019.py, 29] road_path is ../config/road.txt
[2019-03-28 15:14:21] INFO [main: CodeCraft-2019.py, 30] cross_path is ../config/cross.txt
[2019-03-28 15:14:21] INFO [main: CodeCraft-2019.py, 31] answer_path is ../config/answer.txt
[2019-03-28 15:16:30] INFO [main: CodeCraft-2019.py, 28] car_path is ../config/car.txt
[2019-03-28 15:16:30] INFO [main: CodeCraft-2019.py, 29] road_path is ../config/road.txt
[2019-03-28 15:16:30] INFO [main: CodeCraft-2019.py, 30] cross_path is ../config/cross.txt
[2019-03-28 15:16:30] INFO [main: CodeCraft-2019.py, 31] answer_path is ../config/answer.txt
[2019-03-28 15:18:19] INFO [main: CodeCraft-2019.py, 28] car_path is ../config/car.txt
[2019-03-28 15:18:19] INFO [main: CodeCraft-2019.py, 29] road_path is ../config/road.txt
[2019-03-28 15:18:19] INFO [main: CodeCraft-2019.py, 30] cross_path is ../config/cross.txt
[2019-03-28 15:18:19] INFO [main: CodeCraft-2019.py, 31] answer_path is ../config/answer.txt
[2019-03-28 15:20:17] INFO [main: CodeCraft-2019.py, 28] car_path is config/car.txt
[2019-03-28 15:20:17] INFO [main: CodeCraft-2019.py, 29] road_path is config/road.txt
[2019-03-28 15:20:17] INFO [main: CodeCraft-2019.py, 30] cross_path is config/cross.txt
[2019-03-28 15:20:17] INFO [main: CodeCraft-2019.py, 31] answer_path is config/answer.txt
[2019-03-28 15:20:32] INFO [main: CodeCraft-2019.py, 28] car_path is config/car.txt
[2019-03-28 15:20:32] INFO [main: CodeCraft-2019.py, 29] road_path is config/road.txt
[2019-03-28 15:20:32] INFO [main: CodeCraft-2019.py, 30] cross_path is config/cross.txt
[2019-03-28 15:20:32] INFO [main: CodeCraft-2019.py, 31] answer_path is config/answer.txt
[2019-03-29 11:31:53] INFO [main: CodeCraft-2019.py, 28] car_path is ../config/car.txt
[2019-03-29 11:31:53] INFO [main: CodeCraft-2019.py, 29] road_path is ../config/road.txt
[2019-03-29 11:31:53] INFO [main: CodeCraft-2019.py, 30] cross_path is ../config/cross.txt
[2019-03-29 11:31:53] INFO [main: CodeCraft-2019.py, 31] answer_path is ../config/answer.txt
[2019-03-29 11:48:11] INFO [main: CodeCraft-2019.py, 28] car_path is ../config/car.txt
[2019-03-29 11:48:11] INFO [main: CodeCraft-2019.py, 29] road_path is ../config/road.txt
[2019-03-29 11:48:11] INFO [main: CodeCraft-2019.py, 30] cross_path is ../config/cross.txt
[2019-03-29 11:48:11] INFO [main: CodeCraft-2019.py, 31] answer_path is ../config/answer.txt
[2019-03-29 11:51:30] INFO [main: CodeCraft-2019.py, 28] car_path is ../config/car.txt
[2019-03-29 11:51:30] INFO [main: CodeCraft-2019.py, 29] road_path is ../config/road.txt
[2019-03-29 11:51:30] INFO [main: CodeCraft-2019.py, 30] cross_path is ../config/cross.txt
[2019-03-29 11:51:30] INFO [main: CodeCraft-2019.py, 31] answer_path is ../config/answer.txt
[2019-03-29 11:53:37] INFO [main: CodeCraft-2019.py, 28] car_path is ../config/car.txt
[2019-03-29 11:53:37] INFO [main: CodeCraft-2019.py, 29] road_path is ../config/road.txt
[2019-03-29 11:53:37] INFO [main: CodeCraft-2019.py, 30] cross_path is ../config/cross.txt
[2019-03-29 11:53:37] INFO [main: CodeCraft-2019.py, 31] answer_path is ../config/answer.txt
[2019-03-29 11:54:53] INFO [main: CodeCraft-2019.py, 28] car_path is ../config/car.txt
[2019-03-29 11:54:53] INFO [main: CodeCraft-2019.py, 29] road_path is ../config/road.txt
[2019-03-29 11:54:53] INFO [main: CodeCraft-2019.py, 30] cross_path is ../config/cross.txt
[2019-03-29 11:54:53] INFO [main: CodeCraft-2019.py, 31] answer_path is ../config/answer.txt
[2019-03-29 12:09:40] INFO [main: CodeCraft-2019.py, 28] car_path is ../config/car.txt
[2019-03-29 12:09:40] INFO [main: CodeCraft-2019.py, 29] road_path is ../config/road.txt
[2019-03-29 12:09:40] INFO [main: CodeCraft-2019.py, 30] cross_path is ../config/cross.txt
[2019-03-29 12:09:40] INFO [main: CodeCraft-2019.py, 31] answer_path is ../config/answer.txt
[2019-03-29 12:14:21] INFO [main: CodeCraft-2019.py, 28] car_path is ../config/car.txt
[2019-03-29 12:14:21] INFO [main: CodeCraft-2019.py, 29] road_path is ../config/road.txt
[2019-03-29 12:14:21] INFO [main: CodeCraft-2019.py, 30] cross_path is ../config/cross.txt
[2019-03-29 12:14:21] INFO [main: CodeCraft-2019.py, 31] answer_path is ../config/answer.txt
[2019-03-29 12:18:10] INFO [main: CodeCraft-2019.py, 28] car_path is ../config/car.txt
[2019-03-29 12:18:10] INFO [main: CodeCraft-2019.py, 29] road_path is ../config/road.txt
[2019-03-29 12:18:10] INFO [main: CodeCraft-2019.py, 30] cross_path is ../config/cross.txt
[2019-03-29 12:18:10] INFO [main: CodeCraft-2019.py, 31] answer_path is ../config/answer.txt
[2019-03-29 12:21:24] INFO [main: CodeCraft-2019.py, 28] car_path is ../config/car.txt
[2019-03-29 12:21:24] INFO [main: CodeCraft-2019.py, 29] road_path is ../config/road.txt
[2019-03-29 12:21:24] INFO [main: CodeCraft-2019.py, 30] cross_path is ../config/cross.txt
[2019-03-29 12:21:24] INFO [main: CodeCraft-2019.py, 31] answer_path is ../config/answer.txt
[2019-03-29 12:28:56] INFO [main: CodeCraft-2019.py, 28] car_path is ../config/car.txt
[2019-03-29 12:28:56] INFO [main: CodeCraft-2019.py, 29] road_path is ../config/road.txt
[2019-03-29 12:28:56] INFO [main: CodeCraft-2019.py, 30] cross_path is ../config/cross.txt
[2019-03-29 12:28:56] INFO [main: CodeCraft-2019.py, 31] answer_path is ../config/answer.txt
[2019-03-29 12:40:11] INFO [main: CodeCraft-2019.py, 28] car_path is ../config/car.txt
[2019-03-29 12:40:11] INFO [main: CodeCraft-2019.py, 29] road_path is ../config/road.txt
[2019-03-29 12:40:11] INFO [main: CodeCraft-2019.py, 30] cross_path is ../config/cross.txt
[2019-03-29 12:40:11] INFO [main: CodeCraft-2019.py, 31] answer_path is ../config/answer.txt
[2019-03-29 12:40:29] INFO [main: CodeCraft-2019.py, 28] car_path is ../config/car.txt
[2019-03-29 12:40:29] INFO [main: CodeCraft-2019.py, 29] road_path is ../config/road.txt
[2019-03-29 12:40:29] INFO [main: CodeCraft-2019.py, 30] cross_path is ../config/cross.txt
[2019-03-29 12:40:29] INFO [main: CodeCraft-2019.py, 31] answer_path is ../config/answer.txt
[2019-03-29 12:45:03] INFO [main: CodeCraft-2019.py, 28] car_path is ../config/car.txt
[2019-03-29 12:45:03] INFO [main: CodeCraft-2019.py, 29] road_path is ../config/road.txt
[2019-03-29 12:45:03] INFO [main: CodeCraft-2019.py, 30] cross_path is ../config/cross.txt
[2019-03-29 12:45:03] INFO [main: CodeCraft-2019.py, 31] answer_path is ../config/answer.txt
[2019-03-29 12:47:19] INFO [main: CodeCraft-2019.py, 28] car_path is ../config/car.txt
[2019-03-29 12:47:19] INFO [main: CodeCraft-2019.py, 29] road_path is ../config/road.txt
[2019-03-29 12:47:19] INFO [main: CodeCraft-2019.py, 30] cross_path is ../config/cross.txt
[2019-03-29 12:47:19] INFO [main: CodeCraft-2019.py, 31] answer_path is ../config/answer.txt
[2019-03-29 16:02:43] INFO [main: CodeCraft-2019.py, 44] car_path is ../config/car.txt
[2019-03-29 16:02:43] INFO [main: CodeCraft-2019.py, 45] road_path is ../config/road.txt
[2019-03-29 16:02:43] INFO [main: CodeCraft-2019.py, 46] cross_path is ../config/cross.txt
[2019-03-29 16:02:43] INFO [main: CodeCraft-2019.py, 47] answer_path is ../config/answer.txt
[2019-03-29 16:03:32] INFO [main: CodeCraft-2019.py, 44] car_path is ../config/car.txt
[2019-03-29 16:03:32] INFO [main: CodeCraft-2019.py, 45] road_path is ../config/road.txt
[2019-03-29 16:03:32] INFO [main: CodeCraft-2019.py, 46] cross_path is ../config/cross.txt
[2019-03-29 16:03:32] INFO [main: CodeCraft-2019.py, 47] answer_path is ../config/answer.txt
[2019-03-29 16:03:47] INFO [main: CodeCraft-2019.py, 44] car_path is ../config/car.txt
[2019-03-29 16:03:47] INFO [main: CodeCraft-2019.py, 45] road_path is ../config/road.txt
[2019-03-29 16:03:47] INFO [main: CodeCraft-2019.py, 46] cross_path is ../config/cross.txt
[2019-03-29 16:03:47] INFO [main: CodeCraft-2019.py, 47] answer_path is ../config/answer.txt
[2019-03-29 16:38:37] INFO [main: CodeCraft-2019.py, 44] car_path is ../config/car.txt
[2019-03-29 16:38:37] INFO [main: CodeCraft-2019.py, 45] road_path is ../config/road.txt
[2019-03-29 16:38:37] INFO [main: CodeCraft-2019.py, 46] cross_path is ../config/cross.txt
[2019-03-29 16:38:37] INFO [main: CodeCraft-2019.py, 47] answer_path is ../config/answer.txt
[2019-03-29 16:39:25] INFO [main: CodeCraft-2019.py, 44] car_path is ../config/car.txt
[2019-03-29 16:39:25] INFO [main: CodeCraft-2019.py, 45] road_path is ../config/road.txt
[2019-03-29 16:39:25] INFO [main: CodeCraft-2019.py, 46] cross_path is ../config/cross.txt
[2019-03-29 16:39:25] INFO [main: CodeCraft-2019.py, 47] answer_path is ../config/answer.txt
[2019-03-29 16:40:58] INFO [main: CodeCraft-2019.py, 44] car_path is ../config/car.txt
[2019-03-29 16:40:58] INFO [main: CodeCraft-2019.py, 45] road_path is ../config/road.txt
[2019-03-29 16:40:58] INFO [main: CodeCraft-2019.py, 46] cross_path is ../config/cross.txt
[2019-03-29 16:40:58] INFO [main: CodeCraft-2019.py, 47] answer_path is ../config/answer.txt
[2019-03-29 16:43:00] INFO [main: CodeCraft-2019.py, 44] car_path is ../config/car.txt
[2019-03-29 16:43:00] INFO [main: CodeCraft-2019.py, 45] road_path is ../config/road.txt
[2019-03-29 16:43:00] INFO [main: CodeCraft-2019.py, 46] cross_path is ../config/cross.txt
[2019-03-29 16:43:00] INFO [main: CodeCraft-2019.py, 47] answer_path is ../config/answer.txt
[2019-03-29 16:43:49] INFO [main: CodeCraft-2019.py, 44] car_path is ../config/car.txt
[2019-03-29 16:43:49] INFO [main: CodeCraft-2019.py, 45] road_path is ../config/road.txt
[2019-03-29 16:43:49] INFO [main: CodeCraft-2019.py, 46] cross_path is ../config/cross.txt
[2019-03-29 16:43:49] INFO [main: CodeCraft-2019.py, 47] answer_path is ../config/answer.txt
[2019-03-29 16:45:01] INFO [main: CodeCraft-2019.py, 44] car_path is ../config/car.txt
[2019-03-29 16:45:01] INFO [main: CodeCraft-2019.py, 45] road_path is ../config/road.txt
[2019-03-29 16:45:01] INFO [main: CodeCraft-2019.py, 46] cross_path is ../config/cross.txt
[2019-03-29 16:45:01] INFO [main: CodeCraft-2019.py, 47] answer_path is ../config/answer.txt
[2019-03-29 16:46:44] INFO [main: CodeCraft-2019.py, 44] car_path is ../config/car.txt
[2019-03-29 16:46:44] INFO [main: CodeCraft-2019.py, 45] road_path is ../config/road.txt
[2019-03-29 16:46:44] INFO [main: CodeCraft-2019.py, 46] cross_path is ../config/cross.txt
[2019-03-29 16:46:44] INFO [main: CodeCraft-2019.py, 47] answer_path is ../config/answer.txt
[2019-03-29 16:47:53] INFO [main: CodeCraft-2019.py, 44] car_path is ../config/car.txt
[2019-03-29 16:47:53] INFO [main: CodeCraft-2019.py, 45] road_path is ../config/road.txt
[2019-03-29 16:47:53] INFO [main: CodeCraft-2019.py, 46] cross_path is ../config/cross.txt
[2019-03-29 16:47:53] INFO [main: CodeCraft-2019.py, 47] answer_path is ../config/answer.txt
[2019-03-29 16:48:24] INFO [main: CodeCraft-2019.py, 44] car_path is ../config/car.txt
[2019-03-29 16:48:24] INFO [main: CodeCraft-2019.py, 45] road_path is ../config/road.txt
[2019-03-29 16:48:24] INFO [main: CodeCraft-2019.py, 46] cross_path is ../config/cross.txt
[2019-03-29 16:48:24] INFO [main: CodeCraft-2019.py, 47] answer_path is ../config/answer.txt
[2019-03-29 16:48:49] INFO [main: CodeCraft-2019.py, 44] car_path is ../config/car.txt
[2019-03-29 16:48:49] INFO [main: CodeCraft-2019.py, 45] road_path is ../config/road.txt
[2019-03-29 16:48:49] INFO [main: CodeCraft-2019.py, 46] cross_path is ../config/cross.txt
[2019-03-29 16:48:49] INFO [main: CodeCraft-2019.py, 47] answer_path is ../config/answer.txt
[2019-03-29 16:49:37] INFO [main: CodeCraft-2019.py, 44] car_path is ../config/car.txt
[2019-03-29 16:49:37] INFO [main: CodeCraft-2019.py, 45] road_path is ../config/road.txt
[2019-03-29 16:49:37] INFO [main: CodeCraft-2019.py, 46] cross_path is ../config/cross.txt
[2019-03-29 16:49:37] INFO [main: CodeCraft-2019.py, 47] answer_path is ../config/answer.txt
[2019-03-29 17:02:26] INFO [main: CodeCraft-2019.py, 44] car_path is ../config/car.txt
[2019-03-29 17:02:26] INFO [main: CodeCraft-2019.py, 45] road_path is ../config/road.txt
[2019-03-29 17:02:26] INFO [main: CodeCraft-2019.py, 46] cross_path is ../config/cross.txt
[2019-03-29 17:02:26] INFO [main: CodeCraft-2019.py, 47] answer_path is ../config/answer.txt
[2019-03-29 17:02:35] INFO [main: CodeCraft-2019.py, 44] car_path is ../config/car.txt
[2019-03-29 17:02:35] INFO [main: CodeCraft-2019.py, 45] road_path is ../config/road.txt
[2019-03-29 17:02:35] INFO [main: CodeCraft-2019.py, 46] cross_path is ../config/cross.txt
[2019-03-29 17:02:35] INFO [main: CodeCraft-2019.py, 47] answer_path is ../config/answer.txt
[2019-03-29 17:04:42] INFO [main: CodeCraft-2019.py, 44] car_path is ../config/car.txt
[2019-03-29 17:04:42] INFO [main: CodeCraft-2019.py, 45] road_path is ../config/road.txt
[2019-03-29 17:04:42] INFO [main: CodeCraft-2019.py, 46] cross_path is ../config/cross.txt
[2019-03-29 17:04:42] INFO [main: CodeCraft-2019.py, 47] answer_path is ../config/answer.txt
[2019-03-29 17:06:44] INFO [main: CodeCraft-2019.py, 44] car_path is ../config/car.txt
[2019-03-29 17:06:44] INFO [main: CodeCraft-2019.py, 45] road_path is ../config/road.txt
[2019-03-29 17:06:44] INFO [main: CodeCraft-2019.py, 46] cross_path is ../config/cross.txt
[2019-03-29 17:06:44] INFO [main: CodeCraft-2019.py, 47] answer_path is ../config/answer.txt
[2019-03-29 17:09:21] INFO [main: CodeCraft-2019.py, 44] car_path is ../config/car.txt
[2019-03-29 17:09:21] INFO [main: CodeCraft-2019.py, 45] road_path is ../config/road.txt
[2019-03-29 17:09:21] INFO [main: CodeCraft-2019.py, 46] cross_path is ../config/cross.txt
[2019-03-29 17:09:21] INFO [main: CodeCraft-2019.py, 47] answer_path is ../config/answer.txt
[2019-03-29 17:12:25] INFO [main: CodeCraft-2019.py, 44] car_path is ../config/car.txt
[2019-03-29 17:12:25] INFO [main: CodeCraft-2019.py, 45] road_path is ../config/road.txt
[2019-03-29 17:12:25] INFO [main: CodeCraft-2019.py, 46] cross_path is ../config/cross.txt
[2019-03-29 17:12:25] INFO [main: CodeCraft-2019.py, 47] answer_path is ../config/answer.txt
[2019-03-29 17:16:11] INFO [main: CodeCraft-2019.py, 44] car_path is ../config/car.txt
[2019-03-29 17:16:11] INFO [main: CodeCraft-2019.py, 45] road_path is ../config/road.txt
[2019-03-29 17:16:11] INFO [main: CodeCraft-2019.py, 46] cross_path is ../config/cross.txt
[2019-03-29 17:16:11] INFO [main: CodeCraft-2019.py, 47] answer_path is ../config/answer.txt
[2019-03-29 17:21:04] INFO [main: CodeCraft-2019.py, 44] car_path is ../config/car.txt
[2019-03-29 17:21:04] INFO [main: CodeCraft-2019.py, 45] road_path is ../config/road.txt
[2019-03-29 17:21:04] INFO [main: CodeCraft-2019.py, 46] cross_path is ../config/cross.txt
[2019-03-29 17:21:04] INFO [main: CodeCraft-2019.py, 47] answer_path is ../config/answer.txt
[2019-03-29 17:22:10] INFO [main: CodeCraft-2019.py, 44] car_path is ../config/car.txt
[2019-03-29 17:22:10] INFO [main: CodeCraft-2019.py, 45] road_path is ../config/road.txt
[2019-03-29 17:22:10] INFO [main: CodeCraft-2019.py, 46] cross_path is ../config/cross.txt
[2019-03-29 17:22:10] INFO [main: CodeCraft-2019.py, 47] answer_path is ../config/answer.txt
[2019-03-29 17:22:39] INFO [main: CodeCraft-2019.py, 44] car_path is ../config/car.txt
[2019-03-29 17:22:39] INFO [main: CodeCraft-2019.py, 45] road_path is ../config/road.txt
[2019-03-29 17:22:39] INFO [main: CodeCraft-2019.py, 46] cross_path is ../config/cross.txt
[2019-03-29 17:22:39] INFO [main: CodeCraft-2019.py, 47] answer_path is ../config/answer.txt
[2019-03-29 17:22:50] INFO [main: CodeCraft-2019.py, 44] car_path is ../config/car.txt
[2019-03-29 17:22:50] INFO [main: CodeCraft-2019.py, 45] road_path is ../config/road.txt
[2019-03-29 17:22:50] INFO [main: CodeCraft-2019.py, 46] cross_path is ../config/cross.txt
[2019-03-29 17:22:50] INFO [main: CodeCraft-2019.py, 47] answer_path is ../config/answer.txt
[2019-03-29 17:27:00] INFO [main: CodeCraft-2019.py, 44] car_path is ../config/car.txt
[2019-03-29 17:27:00] INFO [main: CodeCraft-2019.py, 45] road_path is ../config/road.txt
[2019-03-29 17:27:00] INFO [main: CodeCraft-2019.py, 46] cross_path is ../config/cross.txt
[2019-03-29 17:27:00] INFO [main: CodeCraft-2019.py, 47] answer_path is ../config/answer.txt
[2019-03-29 17:27:06] INFO [main: CodeCraft-2019.py, 44] car_path is ../config/car.txt
[2019-03-29 17:27:06] INFO [main: CodeCraft-2019.py, 45] road_path is ../config/road.txt
[2019-03-29 17:27:06] INFO [main: CodeCraft-2019.py, 46] cross_path is ../config/cross.txt
[2019-03-29 17:27:06] INFO [main: CodeCraft-2019.py, 47] answer_path is ../config/answer.txt
[2019-03-29 17:27:10] INFO [main: CodeCraft-2019.py, 44] car_path is ../config/car.txt
[2019-03-29 17:27:10] INFO [main: CodeCraft-2019.py, 45] road_path is ../config/road.txt
[2019-03-29 17:27:10] INFO [main: CodeCraft-2019.py, 46] cross_path is ../config/cross.txt
[2019-03-29 17:27:10] INFO [main: CodeCraft-2019.py, 47] answer_path is ../config/answer.txt
[2019-03-29 17:35:26] INFO [main: CodeCraft-2019.py, 44] car_path is ../config/car.txt
[2019-03-29 17:35:26] INFO [main: CodeCraft-2019.py, 45] road_path is ../config/road.txt
[2019-03-29 17:35:26] INFO [main: CodeCraft-2019.py, 46] cross_path is ../config/cross.txt
[2019-03-29 17:35:26] INFO [main: CodeCraft-2019.py, 47] answer_path is ../config/answer.txt
